✓ Initialized. View run at 
https://modal.com/apps/tile-zip/main/ap-jAxzvsop2gApLJVKmozFE6
Building image im-5yW9pyMwocfhQTqLnzeuaH

=> Step 0: FROM base

=> Step 1: RUN python -m pip install 'fastapi[standard]' httpx ortools
Looking in indexes: http://pypi-mirror.modal.local:5555/simple
Collecting httpx
  Downloading http://pypi-mirror.modal.local:5555/simple/httpx/httpx-0.28.1-py3-none-any.whl.metadata (7.1 kB)
Collecting ortools
  Downloading http://pypi-mirror.modal.local:5555/simple/ortools/ortools-9.15.6755-cp312-cp312-manylinux_2_27_x86_64.manylinux_2_28_x86_64.whl.metadata (3.3 kB)
Collecting fastapi[standard]
  Downloading http://pypi-mirror.modal.local:5555/simple/fastapi/fastapi-0.129.0-py3-none-any.whl.metadata (30 kB)
Collecting starlette<1.0.0,>=0.40.0 (from fastapi[standard])
  Downloading http://pypi-mirror.modal.local:5555/simple/starlette/starlette-0.52.1-py3-none-any.whl.metadata (6.3 kB)
Collecting pydantic>=2.7.0 (from fastapi[standard])
  Downloading http://pypi-mirror.modal.local:5555/simple/pydantic/pydantic-2.12.5-py3-none-any.whl.metadata (90 kB)
Collecting typing-extensions>=4.8.0 (from fastapi[standard])
  Downloading http://pypi-mirror.modal.local:5555/simple/typing-extensions/typing_extensions-4.15.0-py3-none-any.whl.metadata (3.3 kB)
Collecting typing-inspection>=0.4.2 (from fastapi[standard])
  Downloading http://pypi-mirror.modal.local:5555/simple/typing-inspection/typing_inspection-0.4.2-py3-none-any.whl.metadata (2.6 kB)
Collecting annotated-doc>=0.0.2 (from fastapi[standard])
  Downloading http://pypi-mirror.modal.local:5555/simple/annotated-doc/annotated_doc-0.0.4-py3-none-any.whl.metadata (6.6 kB)
Collecting fastapi-cli>=0.0.8 (from fastapi-cli[standard]>=0.0.8; extra == "standard"->fastapi[standard])
  Downloading http://pypi-mirror.modal.local:5555/simple/fastapi-cli/fastapi_cli-0.0.23-py3-none-any.whl.metadata (6.4 kB)
Collecting jinja2>=3.1.5 (from fastapi[standard])
  Downloading http://pypi-mirror.modal.local:5555/simple/jinja2/jinja2-3.1.6-py3-none-any.whl.metadata (2.9 kB)
Collecting python-multipart>=0.0.18 (from fastapi[standard])
  Downloading http://pypi-mirror.modal.local:5555/simple/python-multipart/python_multipart-0.0.22-py3-none-any.whl.metadata (1.8 kB)
Collecting email-validator>=2.0.0 (from fastapi[standard])
  Downloading http://pypi-mirror.modal.local:5555/simple/email-validator/email_validator-2.3.0-py3-none-any.whl.metadata (26 kB)
Collecting uvicorn>=0.12.0 (from uvicorn[standard]>=0.12.0; extra == "standard"->fastapi[standard])
  Downloading http://pypi-mirror.modal.local:5555/simple/uvicorn/uvicorn-0.41.0-py3-none-any.whl.metadata (6.7 kB)
Collecting pydantic-settings>=2.0.0 (from fastapi[standard])
  Downloading http://pypi-mirror.modal.local:5555/simple/pydantic-settings/pydantic_settings-2.13.1-py3-none-any.whl.metadata (3.4 kB)
Collecting pydantic-extra-types>=2.0.0 (from fastapi[standard])
  Downloading http://pypi-mirror.modal.local:5555/simple/pydantic-extra-types/pydantic_extra_types-2.11.0-py3-none-any.whl.metadata (4.0 kB)
Collecting anyio (from httpx)
  Downloading http://pypi-mirror.modal.local:5555/simple/anyio/anyio-4.12.1-py3-none-any.whl.metadata (4.3 kB)
Collecting certifi (from httpx)
  Downloading http://pypi-mirror.modal.local:5555/simple/certifi/certifi-2026.1.4-py3-none-any.whl.metadata (2.5 kB)
Collecting httpcore==1.* (from httpx)
  Downloading http://pypi-mirror.modal.local:5555/simple/httpcore/httpcore-1.0.9-py3-none-any.whl.metadata (21 kB)
Collecting idna (from httpx)
  Downloading http://pypi-mirror.modal.local:5555/simple/idna/idna-3.11-py3-none-any.whl.metadata (8.4 kB)
Collecting h11>=0.16 (from httpcore==1.*->httpx)
  Downloading http://pypi-mirror.modal.local:5555/simple/h11/h11-0.16.0-py3-none-any.whl.metadata (8.3 kB)
Collecting absl-py>=2.0.0 (from ortools)
  Downloading http://pypi-mirror.modal.local:5555/simple/absl-py/absl_py-2.4.0-py3-none-any.whl.metadata (3.3 kB)
Collecting numpy>=2.0.2 (from ortools)
  Downloading http://pypi-mirror.modal.local:5555/simple/numpy/numpy-2.4.2-cp312-cp312-manylinux_2_27_x86_64.manylinux_2_28_x86_64.whl.metadata (6.6 kB)
Collecting pandas>=2.0.0 (from ortools)
  Downloading http://pypi-mirror.modal.local:5555/simple/pandas/pandas-3.0.1-cp312-cp312-manylinux_2_24_x86_64.manylinux_2_28_x86_64.whl.metadata (79 kB)
Collecting protobuf<6.34,>=6.33.1 (from ortools)
  Downloading http://pypi-mirror.modal.local:5555/simple/protobuf/protobuf-6.33.5-cp39-abi3-manylinux2014_x86_64.whl.metadata (593 bytes)
Collecting immutabledict>=3.0.0 (from ortools)
  Downloading http://pypi-mirror.modal.local:5555/simple/immutabledict/immutabledict-4.3.1-py3-none-any.whl.metadata (3.5 kB)
Collecting dnspython>=2.0.0 (from email-validator>=2.0.0->fastapi[standard])
  Downloading http://pypi-mirror.modal.local:5555/simple/dnspython/dnspython-2.8.0-py3-none-any.whl.metadata (5.7 kB)
Collecting typer>=0.16.0 (from fastapi-cli>=0.0.8->fastapi-cli[standard]>=0.0.8; extra == "standard"->fastapi[standard])
  Downloading http://pypi-mirror.modal.local:5555/simple/typer/typer-0.24.0-py3-none-any.whl.metadata (16 kB)
Collecting rich-toolkit>=0.14.8 (from fastapi-cli>=0.0.8->fastapi-cli[standard]>=0.0.8; extra == "standard"->fastapi[standard])
  Downloading http://pypi-mirror.modal.local:5555/simple/rich-toolkit/rich_toolkit-0.19.4-py3-none-any.whl.metadata (1.0 kB)
Collecting fastapi-cloud-cli>=0.1.1 (from fastapi-cli[standard]>=0.0.8; extra == "standard"->fastapi[standard])
  Downloading http://pypi-mirror.modal.local:5555/simple/fastapi-cloud-cli/fastapi_cloud_cli-0.13.0-py3-none-any.whl.metadata (3.3 kB)
Collecting rignore>=0.5.1 (from fastapi-cloud-cli>=0.1.1->fastapi-cli[standard]>=0.0.8; extra == "standard"->fastapi[standard])
  Downloading http://pypi-mirror.modal.local:5555/simple/rignore/rignore-0.7.6-cp312-cp312-manylinux_2_17_x86_64.manylinux2014_x86_64.whl.metadata (4.2 kB)
Collecting sentry-sdk>=2.20.0 (from fastapi-cloud-cli>=0.1.1->fastapi-cli[standard]>=0.0.8; extra == "standard"->fastapi[standard])
  Downloading http://pypi-mirror.modal.local:5555/simple/sentry-sdk/sentry_sdk-2.53.0-py2.py3-none-any.whl.metadata (10 kB)
Collecting fastar>=0.8.0 (from fastapi-cloud-cli>=0.1.1->fastapi-cli[standard]>=0.0.8; extra == "standard"->fastapi[standard])
  Downloading http://pypi-mirror.modal.local:5555/simple/fastar/fastar-0.8.0-cp312-cp312-manylinux_2_17_x86_64.manylinux2014_x86_64.whl.metadata (4.0 kB)
Collecting MarkupSafe>=2.0 (from jinja2>=3.1.5->fastapi[standard])
  Downloading http://pypi-mirror.modal.local:5555/simple/markupsafe/markupsafe-3.0.3-cp312-cp312-manylinux2014_x86_64.manylinux_2_17_x86_64.manylinux_2_28_x86_64.whl.metadata (2.7 kB)
Collecting python-dateutil>=2.8.2 (from pandas>=2.0.0->ortools)
  Downloading http://pypi-mirror.modal.local:5555/simple/python-dateutil/python_dateutil-2.9.0.post0-py2.py3-none-any.whl.metadata (8.4 kB)
Collecting annotated-types>=0.6.0 (from pydantic>=2.7.0->fastapi[standard])
  Downloading http://pypi-mirror.modal.local:5555/simple/annotated-types/annotated_types-0.7.0-py3-none-any.whl.metadata (15 kB)
Collecting pydantic-core==2.41.5 (from pydantic>=2.7.0->fastapi[standard])
  Downloading http://pypi-mirror.modal.local:5555/simple/pydantic-core/pydantic_core-2.41.5-cp312-cp312-manylinux_2_17_x86_64.manylinux2014_x86_64.whl.metadata (7.3 kB)
Collecting python-dotenv>=0.21.0 (from pydantic-settings>=2.0.0->fastapi[standard])
  Downloading http://pypi-mirror.modal.local:5555/simple/python-dotenv/python_dotenv-1.2.1-py3-none-any.whl.metadata (25 kB)
Collecting six>=1.5 (from python-dateutil>=2.8.2->pandas>=2.0.0->ortools)
  Downloading http://pypi-mirror.modal.local:5555/simple/six/six-1.17.0-py2.py3-none-any.whl.metadata (1.7 kB)
Collecting click>=8.1.7 (from rich-toolkit>=0.14.8->fastapi-cli>=0.0.8->fastapi-cli[standard]>=0.0.8; extra == "standard"->fastapi[standard])
  Downloading http://pypi-mirror.modal.local:5555/simple/click/click-8.3.1-py3-none-any.whl.metadata (2.6 kB)
Collecting rich>=13.7.1 (from rich-toolkit>=0.14.8->fastapi-cli>=0.0.8->fastapi-cli[standard]>=0.0.8; extra == "standard"->fastapi[standard])
  Downloading http://pypi-mirror.modal.local:5555/simple/rich/rich-14.3.3-py3-none-any.whl.metadata (18 kB)
Collecting markdown-it-py>=2.2.0 (from rich>=13.7.1->rich-toolkit>=0.14.8->fastapi-cli>=0.0.8->fastapi-cli[standard]>=0.0.8; extra == "standard"->fastapi[standard])
  Downloading http://pypi-mirror.modal.local:5555/simple/markdown-it-py/markdown_it_py-4.0.0-py3-none-any.whl.metadata (7.3 kB)
Collecting pygments<3.0.0,>=2.13.0 (from rich>=13.7.1->rich-toolkit>=0.14.8->fastapi-cli>=0.0.8->fastapi-cli[standard]>=0.0.8; extra == "standard"->fastapi[standard])
  Downloading http://pypi-mirror.modal.local:5555/simple/pygments/pygments-2.19.2-py3-none-any.whl.metadata (2.5 kB)
Collecting mdurl~=0.1 (from markdown-it-py>=2.2.0->rich>=13.7.1->rich-toolkit>=0.14.8->fastapi-cli>=0.0.8->fastapi-cli[standard]>=0.0.8; extra == "standard"->fastapi[standard])
  Downloading http://pypi-mirror.modal.local:5555/simple/mdurl/mdurl-0.1.2-py3-none-any.whl.metadata (1.6 kB)
Collecting urllib3>=1.26.11 (from sentry-sdk>=2.20.0->fastapi-cloud-cli>=0.1.1->fastapi-cli[standard]>=0.0.8; extra == "standard"->fastapi[standard])
  Downloading http://pypi-mirror.modal.local:5555/simple/urllib3/urllib3-2.6.3-py3-none-any.whl.metadata (6.9 kB)
Collecting shellingham>=1.3.0 (from typer>=0.16.0->fastapi-cli>=0.0.8->fastapi-cli[standard]>=0.0.8; extra == "standard"->fastapi[standard])
  Downloading http://pypi-mirror.modal.local:5555/simple/shellingham/shellingham-1.5.4-py2.py3-none-any.whl.metadata (3.5 kB)
Collecting httptools>=0.6.3 (from uvicorn[standard]>=0.12.0; extra == "standard"->fastapi[standard])
  Downloading http://pypi-mirror.modal.local:5555/simple/httptools/httptools-0.7.1-cp312-cp312-manylinux1_x86_64.manylinux_2_28_x86_64.manylinux_2_5_x86_64.whl.metadata (3.5 kB)
Collecting pyyaml>=5.1 (from uvicorn[standard]>=0.12.0; extra == "standard"->fastapi[standard])
  Downloading http://pypi-mirror.modal.local:5555/simple/pyyaml/pyyaml-6.0.3-cp312-cp312-manylinux2014_x86_64.manylinux_2_17_x86_64.manylinux_2_28_x86_64.whl.metadata (2.4 kB)
Collecting uvloop>=0.15.1 (from uvicorn[standard]>=0.12.0; extra == "standard"->fastapi[standard])
  Downloading http://pypi-mirror.modal.local:5555/simple/uvloop/uvloop-0.22.1-cp312-cp312-manylinux2014_x86_64.manylinux_2_17_x86_64.manylinux_2_28_x86_64.whl.metadata (4.9 kB)
Collecting watchfiles>=0.20 (from uvicorn[standard]>=0.12.0; extra == "standard"->fastapi[standard])
  Downloading http://pypi-mirror.modal.local:5555/simple/watchfiles/watchfiles-1.1.1-cp312-cp312-manylinux_2_17_x86_64.manylinux2014_x86_64.whl.metadata (4.9 kB)
Collecting websockets>=10.4 (from uvicorn[standard]>=0.12.0; extra == "standard"->fastapi[standard])
  Downloading http://pypi-mirror.modal.local:5555/simple/websockets/websockets-16.0-cp312-cp312-manylinux1_x86_64.manylinux_2_28_x86_64.manylinux_2_5_x86_64.whl.metadata (6.8 kB)
Downloading http://pypi-mirror.modal.local:5555/simple/fastapi/fastapi-0.129.0-py3-none-any.whl (102 kB)
Downloading http://pypi-mirror.modal.local:5555/simple/httpx/httpx-0.28.1-py3-none-any.whl (73 kB)
Downloading http://pypi-mirror.modal.local:5555/simple/httpcore/httpcore-1.0.9-py3-none-any.whl (78 kB)
Downloading http://pypi-mirror.modal.local:5555/simple/starlette/starlette-0.52.1-py3-none-any.whl (74 kB)
Downloading http://pypi-mirror.modal.local:5555/simple/anyio/anyio-4.12.1-py3-none-any.whl (113 kB)
Downloading http://pypi-mirror.modal.local:5555/simple/ortools/ortools-9.15.6755-cp312-cp312-manylinux_2_27_x86_64.manylinux_2_28_x86_64.whl (29.8 MB)
   ━━━━━━━━━━━━━━━━━━━━━━━━━━━━━━━━━━━━━━━━ 29.8/29.8 MB 265.7 MB/s eta 0:00:00
Downloading http://pypi-mirror.modal.local:5555/simple/protobuf/protobuf-6.33.5-cp39-abi3-manylinux2014_x86_64.whl (323 kB)
Downloading http://pypi-mirror.modal.local:5555/simple/absl-py/absl_py-2.4.0-py3-none-any.whl (135 kB)
Downloading http://pypi-mirror.modal.local:5555/simple/annotated-doc/annotated_doc-0.0.4-py3-none-any.whl (5.3 kB)
Downloading http://pypi-mirror.modal.local:5555/simple/email-validator/email_validator-2.3.0-py3-none-any.whl (35 kB)
Downloading http://pypi-mirror.modal.local:5555/simple/dnspython/dnspython-2.8.0-py3-none-any.whl (331 kB)
Downloading http://pypi-mirror.modal.local:5555/simple/fastapi-cli/fastapi_cli-0.0.23-py3-none-any.whl (12 kB)
Downloading http://pypi-mirror.modal.local:5555/simple/fastapi-cloud-cli/fastapi_cloud_cli-0.13.0-py3-none-any.whl (27 kB)
Downloading http://pypi-mirror.modal.local:5555/simple/fastar/fastar-0.8.0-cp312-cp312-manylinux_2_17_x86_64.manylinux2014_x86_64.whl (821 kB)
   ━━━━━━━━━━━━━━━━━━━━━━━━━━━━━━━━━━━━━━━ 821.6/821.6 kB 993.9 MB/s eta 0:00:00
Downloading http://pypi-mirror.modal.local:5555/simple/h11/h11-0.16.0-py3-none-any.whl (37 kB)
Downloading http://pypi-mirror.modal.local:5555/simple/idna/idna-3.11-py3-none-any.whl (71 kB)
Downloading http://pypi-mirror.modal.local:5555/simple/immutabledict/immutabledict-4.3.1-py3-none-any.whl (5.0 kB)
Downloading http://pypi-mirror.modal.local:5555/simple/jinja2/jinja2-3.1.6-py3-none-any.whl (134 kB)
Downloading http://pypi-mirror.modal.local:5555/simple/markupsafe/markupsafe-3.0.3-cp312-cp312-manylinux2014_x86_64.manylinux_2_17_x86_64.manylinux_2_28_x86_64.whl (22 kB)
Downloading http://pypi-mirror.modal.local:5555/simple/numpy/numpy-2.4.2-cp312-cp312-manylinux_2_27_x86_64.manylinux_2_28_x86_64.whl (16.6 MB)
   ━━━━━━━━━━━━━━━━━━━━━━━━━━━━━━━━━━━━━━━━ 16.6/16.6 MB 558.2 MB/s eta 0:00:00
Downloading http://pypi-mirror.modal.local:5555/simple/pandas/pandas-3.0.1-cp312-cp312-manylinux_2_24_x86_64.manylinux_2_28_x86_64.whl (10.9 MB)
   ━━━━━━━━━━━━━━━━━━━━━━━━━━━━━━━━━━━━━━━━ 10.9/10.9 MB 555.8 MB/s eta 0:00:00
Downloading http://pypi-mirror.modal.local:5555/simple/pydantic/pydantic-2.12.5-py3-none-any.whl (463 kB)
Downloading http://pypi-mirror.modal.local:5555/simple/pydantic-core/pydantic_core-2.41.5-cp312-cp312-manylinux_2_17_x86_64.manylinux2014_x86_64.whl (2.1 MB)
   ━━━━━━━━━━━━━━━━━━━━━━━━━━━━━━━━━━━━━━━━ 2.1/2.1 MB 785.8 MB/s eta 0:00:00
Downloading http://pypi-mirror.modal.local:5555/simple/annotated-types/annotated_types-0.7.0-py3-none-any.whl (13 kB)
Downloading http://pypi-mirror.modal.local:5555/simple/pydantic-extra-types/pydantic_extra_types-2.11.0-py3-none-any.whl (74 kB)
Downloading http://pypi-mirror.modal.local:5555/simple/pydantic-settings/pydantic_settings-2.13.1-py3-none-any.whl (58 kB)
Downloading http://pypi-mirror.modal.local:5555/simple/python-dateutil/python_dateutil-2.9.0.post0-py2.py3-none-any.whl (229 kB)
Downloading http://pypi-mirror.modal.local:5555/simple/python-dotenv/python_dotenv-1.2.1-py3-none-any.whl (21 kB)
Downloading http://pypi-mirror.modal.local:5555/simple/python-multipart/python_multipart-0.0.22-py3-none-any.whl (24 kB)
Downloading http://pypi-mirror.modal.local:5555/simple/rich-toolkit/rich_toolkit-0.19.4-py3-none-any.whl (32 kB)
Downloading http://pypi-mirror.modal.local:5555/simple/click/click-8.3.1-py3-none-any.whl (108 kB)
Downloading http://pypi-mirror.modal.local:5555/simple/rich/rich-14.3.3-py3-none-any.whl (310 kB)
Downloading http://pypi-mirror.modal.local:5555/simple/pygments/pygments-2.19.2-py3-none-any.whl (1.2 MB)
   ━━━━━━━━━━━━━━━━━━━━━━━━━━━━━━━━━━━━━━━━ 1.2/1.2 MB 343.0 MB/s eta 0:00:00
Downloading http://pypi-mirror.modal.local:5555/simple/markdown-it-py/markdown_it_py-4.0.0-py3-none-any.whl (87 kB)
Downloading http://pypi-mirror.modal.local:5555/simple/mdurl/mdurl-0.1.2-py3-none-any.whl (10.0 kB)
Downloading http://pypi-mirror.modal.local:5555/simple/rignore/rignore-0.7.6-cp312-cp312-manylinux_2_17_x86_64.manylinux2014_x86_64.whl (959 kB)
   ━━━━━━━━━━━━━━━━━━━━━━━━━━━━━━━━━━━━━━━ 959.8/959.8 kB 963.8 MB/s eta 0:00:00
Downloading http://pypi-mirror.modal.local:5555/simple/sentry-sdk/sentry_sdk-2.53.0-py2.py3-none-any.whl (437 kB)
Downloading http://pypi-mirror.modal.local:5555/simple/six/six-1.17.0-py2.py3-none-any.whl (11 kB)
Downloading http://pypi-mirror.modal.local:5555/simple/typer/typer-0.24.0-py3-none-any.whl (56 kB)
Downloading http://pypi-mirror.modal.local:5555/simple/shellingham/shellingham-1.5.4-py2.py3-none-any.whl (9.8 kB)
Downloading http://pypi-mirror.modal.local:5555/simple/typing-extensions/typing_extensions-4.15.0-py3-none-any.whl (44 kB)
Downloading http://pypi-mirror.modal.local:5555/simple/typing-inspection/typing_inspection-0.4.2-py3-none-any.whl (14 kB)
Downloading http://pypi-mirror.modal.local:5555/simple/urllib3/urllib3-2.6.3-py3-none-any.whl (131 kB)
Downloading http://pypi-mirror.modal.local:5555/simple/uvicorn/uvicorn-0.41.0-py3-none-any.whl (68 kB)
Downloading http://pypi-mirror.modal.local:5555/simple/httptools/httptools-0.7.1-cp312-cp312-manylinux1_x86_64.manylinux_2_28_x86_64.manylinux_2_5_x86_64.whl (517 kB)
Downloading http://pypi-mirror.modal.local:5555/simple/pyyaml/pyyaml-6.0.3-cp312-cp312-manylinux2014_x86_64.manylinux_2_17_x86_64.manylinux_2_28_x86_64.whl (807 kB)
   ━━━━━━━━━━━━━━━━━━━━━━━━━━━━━━━━━━━━━━━ 807.9/807.9 kB 965.4 MB/s eta 0:00:00
Downloading http://pypi-mirror.modal.local:5555/simple/uvloop/uvloop-0.22.1-cp312-cp312-manylinux2014_x86_64.manylinux_2_17_x86_64.manylinux_2_28_x86_64.whl (4.4 MB)
   ━━━━━━━━━━━━━━━━━━━━━━━━━━━━━━━━━━━━━━━━ 4.4/4.4 MB 498.9 MB/s eta 0:00:00
Downloading http://pypi-mirror.modal.local:5555/simple/watchfiles/watchfiles-1.1.1-cp312-cp312-manylinux_2_17_x86_64.manylinux2014_x86_64.whl (456 kB)
Downloading http://pypi-mirror.modal.local:5555/simple/websockets/websockets-16.0-cp312-cp312-manylinux1_x86_64.manylinux_2_28_x86_64.manylinux_2_5_x86_64.whl (184 kB)
Downloading http://pypi-mirror.modal.local:5555/simple/certifi/certifi-2026.1.4-py3-none-any.whl (152 kB)
Installing collected packages: websockets, uvloop, urllib3, typing-extensions, six, shellingham, rignore, pyyaml, python-multipart, python-dotenv, pygments, protobuf, numpy, mdurl, MarkupSafe, immutabledict, idna, httptools, h11, fastar, dnspython, click, certifi, annotated-types, annotated-doc, absl-py, uvicorn, typing-inspection, sentry-sdk, python-dateutil, pydantic-core, markdown-it-py, jinja2, httpcore, email-validator, anyio, watchfiles, starlette, rich, pydantic, pandas, httpx, typer, rich-toolkit, pydantic-settings, pydantic-extra-types, ortools, fastapi, fastapi-cloud-cli, fastapi-cli
